  circol.cpp
C:\Program Files (x86)\Windows Kits\10\Include\10.0.22621.0\um\winbase.h(7810,48): warning C5039: 'TpSetCallbackCleanupGroup': pointer or reference to potentially throwing function passed to 'extern "C"' function under -EHc. Undefined behavior may occur if this function throws an exception.
  (compiling source file 'circol.cpp')
  
C:\Program Files (x86)\Windows Kits\10\Include\10.0.22621.0\um\winioctl.h(10847,22): warning C4668: '_WIN32_WINNT_WIN10_TH2' is not defined as a preprocessor macro, replacing with '0' for '#if/#elif'
  (compiling source file 'circol.cpp')
  
C:\Program Files (x86)\Windows Kits\10\Include\10.0.22621.0\um\winioctl.h(10853,22): warning C4668: '_WIN32_WINNT_WIN10_RS1' is not defined as a preprocessor macro, replacing with '0' for '#if/#elif'
  (compiling source file 'circol.cpp')
  
C:\Program Files (x86)\Windows Kits\10\Include\10.0.22621.0\um\winioctl.h(10858,22): warning C4668: '_WIN32_WINNT_WIN10_TH2' is not defined as a preprocessor macro, replacing with '0' for '#if/#elif'
  (compiling source file 'circol.cpp')
  
C:\Program Files (x86)\Windows Kits\10\Include\10.0.22621.0\um\winioctl.h(10863,22): warning C4668: '_WIN32_WINNT_WIN10_TH2' is not defined as a preprocessor macro, replacing with '0' for '#if/#elif'
  (compiling source file 'circol.cpp')
  
C:\Program Files (x86)\Windows Kits\10\Include\10.0.22621.0\um\winioctl.h(10870,22): warning C4668: '_WIN32_WINNT_WIN10_RS1' is not defined as a preprocessor macro, replacing with '0' for '#if/#elif'
  (compiling source file 'circol.cpp')
  
C:\Program Files (x86)\Windows Kits\10\Include\10.0.22621.0\um\winioctl.h(10875,22): warning C4668: '_WIN32_WINNT_WIN10_RS2' is not defined as a preprocessor macro, replacing with '0' for '#if/#elif'
  (compiling source file 'circol.cpp')
  
C:\Program Files (x86)\Windows Kits\10\Include\10.0.22621.0\um\winioctl.h(10886,22): warning C4668: '_WIN32_WINNT_WIN10_RS2' is not defined as a preprocessor macro, replacing with '0' for '#if/#elif'
  (compiling source file 'circol.cpp')
  
C:\Program Files (x86)\Windows Kits\10\Include\10.0.22621.0\um\winioctl.h(10891,22): warning C4668: '_WIN32_WINNT_WIN10_TH2' is not defined as a preprocessor macro, replacing with '0' for '#if/#elif'
  (compiling source file 'circol.cpp')
  
C:\Program Files (x86)\Windows Kits\10\Include\10.0.22621.0\um\winioctl.h(10897,22): warning C4668: '_WIN32_WINNT_WIN10_RS3' is not defined as a preprocessor macro, replacing with '0' for '#if/#elif'
  (compiling source file 'circol.cpp')
  
C:\Program Files (x86)\Windows Kits\10\Include\10.0.22621.0\um\winioctl.h(10905,22): warning C4668: '_WIN32_WINNT_WIN10_RS4' is not defined as a preprocessor macro, replacing with '0' for '#if/#elif'
  (compiling source file 'circol.cpp')
  
C:\Program Files (x86)\Windows Kits\10\Include\10.0.22621.0\um\winioctl.h(10909,22): warning C4668: '_WIN32_WINNT_WIN10_RS1' is not defined as a preprocessor macro, replacing with '0' for '#if/#elif'
  (compiling source file 'circol.cpp')
  
C:\Program Files (x86)\Windows Kits\10\Include\10.0.22621.0\um\winioctl.h(10913,22): warning C4668: '_WIN32_WINNT_WIN10_RS4' is not defined as a preprocessor macro, replacing with '0' for '#if/#elif'
  (compiling source file 'circol.cpp')
  
C:\Program Files (x86)\Windows Kits\10\Include\10.0.22621.0\um\winioctl.h(10918,22): warning C4668: '_WIN32_WINNT_WIN10_RS1' is not defined as a preprocessor macro, replacing with '0' for '#if/#elif'
  (compiling source file 'circol.cpp')
  
C:\Program Files (x86)\Windows Kits\10\Include\10.0.22621.0\um\winioctl.h(10921,22): warning C4668: '_WIN32_WINNT_WIN10_RS5' is not defined as a preprocessor macro, replacing with '0' for '#if/#elif'
  (compiling source file 'circol.cpp')
  
C:\Program Files (x86)\Windows Kits\10\Include\10.0.22621.0\um\winioctl.h(10970,23): warning C4668: 'NTDDI_WIN10_CU' is not defined as a preprocessor macro, replacing with '0' for '#if/#elif'
  (compiling source file 'circol.cpp')
  
C:\Program Files (x86)\Windows Kits\10\Include\10.0.22621.0\um\winioctl.h(10974,23): warning C4668: 'NTDDI_WIN10_CU' is not defined as a preprocessor macro, replacing with '0' for '#if/#elif'
  (compiling source file 'circol.cpp')
  
C:\Program Files (x86)\Windows Kits\10\Include\10.0.22621.0\um\winioctl.h(11171,22): warning C4668: '_WIN32_WINNT_WIN10_RS2' is not defined as a preprocessor macro, replacing with '0' for '#if/#elif'
  (compiling source file 'circol.cpp')
  
C:\Program Files (x86)\Windows Kits\10\Include\10.0.22621.0\um\winioctl.h(11195,22): warning C4668: '_WIN32_WINNT_WIN10_RS5' is not defined as a preprocessor macro, replacing with '0' for '#if/#elif'
  (compiling source file 'circol.cpp')
  
C:\Program Files (x86)\Windows Kits\10\Include\10.0.22621.0\um\winioctl.h(14754,22): warning C4668: '_WIN32_WINNT_WIN10_RS5' is not defined as a preprocessor macro, replacing with '0' for '#if/#elif'
  (compiling source file 'circol.cpp')
  
C:\Program Files (x86)\Windows Kits\10\Include\10.0.22621.0\um\winioctl.h(14956,22): warning C4668: '_WIN32_WINNT_WIN10_RS5' is not defined as a preprocessor macro, replacing with '0' for '#if/#elif'
  (compiling source file 'circol.cpp')
  
C:\Program Files (x86)\Windows Kits\10\Include\10.0.22621.0\um\winioctl.h(15059,22): warning C4668: '_WIN32_WINNT_WIN10_RS5' is not defined as a preprocessor macro, replacing with '0' for '#if/#elif'
  (compiling source file 'circol.cpp')
  
C:\Program Files (x86)\Windows Kits\10\Include\10.0.22621.0\um\winioctl.h(15155,21): warning C4668: '_WIN32_WINNT_WIN10_RS5' is not defined as a preprocessor macro, replacing with '0' for '#if/#elif'
  (compiling source file 'circol.cpp')
  
C:\Program Files (x86)\Windows Kits\10\Include\10.0.22621.0\um\winioctl.h(15259,22): warning C4668: '_WIN32_WINNT_WIN10_RS5' is not defined as a preprocessor macro, replacing with '0' for '#if/#elif'
  (compiling source file 'circol.cpp')
  
C:\Program Files (x86)\Windows Kits\10\Include\10.0.22621.0\um\winioctl.h(16004,23): warning C4668: '_WIN32_WINNT_WIN10_RS2' is not defined as a preprocessor macro, replacing with '0' for '#if/#elif'
  (compiling source file 'circol.cpp')
  
C:\Program Files (x86)\Windows Kits\10\Include\10.0.22621.0\um\winioctl.h(16092,22): warning C4668: '_WIN32_WINNT_WIN10_RS2' is not defined as a preprocessor macro, replacing with '0' for '#if/#elif'
  (compiling source file 'circol.cpp')
  
C:\Program Files (x86)\Windows Kits\10\Include\10.0.22621.0\um\winioctl.h(16218,22): warning C4668: '_WIN32_WINNT_WIN10_RS3' is not defined as a preprocessor macro, replacing with '0' for '#if/#elif'
  (compiling source file 'circol.cpp')
  
C:\Program Files (x86)\Windows Kits\10\Include\10.0.22621.0\um\winioctl.h(16367,22): warning C4668: '_WIN32_WINNT_WIN10_RS4' is not defined as a preprocessor macro, replacing with '0' for '#if/#elif'
  (compiling source file 'circol.cpp')
  
C:\Program Files (x86)\Windows Kits\10\Include\10.0.22621.0\um\winioctl.h(16380,22): warning C4668: '_WIN32_WINNT_WIN10_RS4' is not defined as a preprocessor macro, replacing with '0' for '#if/#elif'
  (compiling source file 'circol.cpp')
  
C:\Program Files (x86)\Windows Kits\10\Include\10.0.22621.0\um\winioctl.h(16609,22): warning C4668: '_WIN32_WINNT_WIN10_RS1' is not defined as a preprocessor macro, replacing with '0' for '#if/#elif'
  (compiling source file 'circol.cpp')
  
C:\Program Files\Microsoft Visual Studio\2022\Community\VC\Tools\MSVC\14.38.33130\include\xmemory(163,5): warning C4365: 'argument': conversion from 'long' to 'unsigned int', signed/unsigned mismatch
  (compiling source file 'circol.cpp')
  
C:\Program Files\Microsoft Visual Studio\2022\Community\VC\Tools\MSVC\14.38.33130\include\xmemory(173,5): warning C4365: 'argument': conversion from 'long' to 'unsigned int', signed/unsigned mismatch
  (compiling source file 'circol.cpp')
  
C:\Program Files\Microsoft Visual Studio\2022\Community\VC\Tools\MSVC\14.38.33130\include\atomic(105,9): warning C4365: 'argument': conversion from 'long' to 'unsigned int', signed/unsigned mismatch
  (compiling source file 'circol.cpp')
  
C:\Program Files\Microsoft Visual Studio\2022\Community\VC\Tools\MSVC\14.38.33130\include\atomic(360,9): warning C4365: 'argument': conversion from 'long' to 'unsigned int', signed/unsigned mismatch
  (compiling source file 'circol.cpp')
  
C:\Program Files\Microsoft Visual Studio\2022\Community\VC\Tools\MSVC\14.38.33130\include\atomic(376,9): warning C4365: 'argument': conversion from 'long' to 'unsigned int', signed/unsigned mismatch
  (compiling source file 'circol.cpp')
  
C:\Users\Ken Carson\Desktop\circol\circol\circol.cpp(10,24): warning C4100: 'signal': unreferenced formal parameter
C:\Users\Ken Carson\Desktop\circol\circol\circol.cpp(6,14): warning C5264: 'PI': 'const' variable is not used
  circol.vcxproj -> C:\Users\Ken Carson\Desktop\circol\x64\Debug\circol.exe
